<?xml version="1.0" encoding="UTF-8" ?>
<testsuites name="vitest tests" tests="3" failures="0" errors="0" time="0.013615125">
    <testsuite name="src/test/counter.test.ts" timestamp="2025-07-05T03:03:06.157Z" hostname="Eduardos-MacBook-Pro.local" tests="3" failures="0" errors="0" skipped="0" time="0.013615125">
        <testcase classname="src/test/counter.test.ts" name="Counter smart contract &gt; generates initial ledger state deterministically" time="0.011061917">
        </testcase>
        <testcase classname="src/test/counter.test.ts" name="Counter smart contract &gt; properly initializes ledger state and private state" time="0.000966084">
        </testcase>
        <testcase classname="src/test/counter.test.ts" name="Counter smart contract &gt; increments the counter correctly" time="0.001205084">
        </testcase>
    </testsuite>
</testsuites>
